2015/10/02 12:20:34 Current block height: 76500
2015/10/02 12:20:34 Block hash: 000000000051ea2835f6812df62ba02d787ae9e29c3660b98a8cc6bbadd9fe5d
2015/10/02 12:20:34 Block parent: 00000000005f7f96463d6b846f417e70121a555cbfab937aefecf682f1a5e995
2015/10/02 12:20:34 Block merkle root: 4c3b13a716bd87cede3c6652022a56aad19981b363a8d7d588ed031d36d9e9de
2015/10/02 12:20:34 TxId: 4c3b13a716bd87cede3c6652022a56aad19981b363a8d7d588ed031d36d9e9de
2015/10/02 12:20:34 TxIns:
2015/10/02 12:20:34 TxIn coinbase, newly generated coins
2015/10/02 12:20:34 TxOuts:
2015/10/02 12:20:34 TxOut index: 0
2015/10/02 12:20:34 TxOut value: 5000000000
2015/10/02 12:20:34 TxOut address: 14FLY995xADRmv2WteDiQhXQHH7VVYyStE
2015/10/02 12:20:34 
2015/10/02 12:20:34 Current block height: 76501
2015/10/02 12:20:34 Block hash: 000000000057c8bafd6f530b3767395447cf4d8f541d0d2a46afcc1e94ba008e
2015/10/02 12:20:34 Block parent: 000000000051ea2835f6812df62ba02d787ae9e29c3660b98a8cc6bbadd9fe5d
2015/10/02 12:20:34 Block merkle root: 2726f42f234c709a60169293d6e8ad01b411308b740e42a9771e3d0efc2706e5
2015/10/02 12:20:34 TxId: 2726f42f234c709a60169293d6e8ad01b411308b740e42a9771e3d0efc2706e5
2015/10/02 12:20:34 TxIns:
2015/10/02 12:20:34 TxIn coinbase, newly generated coins
2015/10/02 12:20:34 TxOuts:
2015/10/02 12:20:34 TxOut index: 0
2015/10/02 12:20:34 TxOut value: 5000000000
2015/10/02 12:20:34 TxOut address: 1AYppcmR1pwmqUEdbAdg8GfdhX8N1cdzNc
2015/10/02 12:20:34 
2015/10/02 12:20:34 Current block height: 76502
2015/10/02 12:20:34 Block hash: 000000000044418d13cd46292be35a1bc25354d86e43d7e8328f1bd821807aef
2015/10/02 12:20:34 Block parent: 000000000057c8bafd6f530b3767395447cf4d8f541d0d2a46afcc1e94ba008e
2015/10/02 12:20:34 Block merkle root: c98c5db10a6908a29c7e6bf157c25ee4b2a67d09e93be18ce231a481ba17231e
2015/10/02 12:20:34 TxId: dbb17d9ad8723b94a25505e8b1d7a229ed4841f0461a2d2a600162c6e1892aa2
2015/10/02 12:20:34 TxIns:
2015/10/02 12:20:34 TxIn coinbase, newly generated coins
2015/10/02 12:20:34 TxOuts:
2015/10/02 12:20:34 TxOut index: 0
2015/10/02 12:20:34 TxOut value: 5000000000
2015/10/02 12:20:34 TxOut address: 1Q4268r1xpCd5znFshyp3vhCdgqSAKNnCN
2015/10/02 12:20:34 TxId: 7413e45b837a343ec9b15e9a317b230324102b4beb8a6458dc41aac6066d6a62
2015/10/02 12:20:34 TxIns:
2015/10/02 12:20:34 TxIn index: 0
2015/10/02 12:20:34 TxIn Input_Hash: 98d16116550e40fef957e6c6671898b913c96076dd805e6e6f486f11dc877493
2015/10/02 12:20:34 TxIn Input_Index: 1
2015/10/02 12:20:34 TxOuts:
2015/10/02 12:20:34 TxOut index: 0
2015/10/02 12:20:34 TxOut value: 5000000
2015/10/02 12:20:34 TxOut address: 1ChnJW6TVCcAE7sx1BQb1w564zpb43aLnk
2015/10/02 12:20:34 TxOut index: 1
2015/10/02 12:20:34 TxOut value: 370000000
2015/10/02 12:20:34 TxOut address: 15bk2dNxLPaatx7EHU6ypzBg7xpaYXbzZC
2015/10/02 12:20:34 
2015/10/02 12:20:34 Current block height: 76503
2015/10/02 12:20:34 Block hash: 000000000028127725786e9b29c21e1a050b71d48e0320ede482c9d13da8159b
2015/10/02 12:20:34 Block parent: 000000000044418d13cd46292be35a1bc25354d86e43d7e8328f1bd821807aef
2015/10/02 12:20:34 Block merkle root: 3f5ed610fdd1e7a5cc6e4d4fdc689bad58df48635b3717f89f1c9d1111a82f26
2015/10/02 12:20:34 TxId: b092ad37604503010f761613cca6f4c67c802404d605f9d56d9434ffe04a9cf7
2015/10/02 12:20:34 TxIns:
2015/10/02 12:20:34 TxIn coinbase, newly generated coins
2015/10/02 12:20:34 TxOuts:
2015/10/02 12:20:34 TxOut index: 0
2015/10/02 12:20:34 TxOut value: 5000000000
2015/10/02 12:20:34 TxOut address: 1DMDXwnzaoAnji4Z3iN4Jwj5fNhdx15RKD
2015/10/02 12:20:34 TxId: 4a7c0ecd9a5a270027b11cda4af17ba0d7a9f2b5e546dfaac602eb6648d70134
2015/10/02 12:20:34 TxIns:
2015/10/02 12:20:34 TxIn index: 0
2015/10/02 12:20:34 TxIn Input_Hash: c4f7816251fe33d19deb28a5f2f7caa903bd230de864224f6c29c98d660d5ef2
2015/10/02 12:20:34 TxIn Input_Index: 0
2015/10/02 12:20:34 TxOuts:
2015/10/02 12:20:34 TxOut index: 0
2015/10/02 12:20:34 TxOut value: 200000000
2015/10/02 12:20:34 TxOut address: 1Mz6PNnCJ1cwVK3qaH66QtCko5oNaHN4a
2015/10/02 12:20:34 TxId: 763e635e79d6daa0522a42902182f2c2e6f12597474fd69d663f4ffc4a42a0cf
2015/10/02 12:20:34 TxIns:
2015/10/02 12:20:34 TxIn index: 0
2015/10/02 12:20:34 TxIn Input_Hash: fa19009379a4e3ac6e8a47d12f8014ed2d6e6bdb97d7f0abb23d5cee7f937e72
2015/10/02 12:20:34 TxIn Input_Index: 0
2015/10/02 12:20:34 TxOuts:
2015/10/02 12:20:34 TxOut index: 0
2015/10/02 12:20:34 TxOut value: 200000000
2015/10/02 12:20:34 TxOut address: 19tq9NYFsSCMRUkc12v363tHgAeUokoVam
2015/10/02 12:20:34 TxId: 852663d0f86018ac071b2eaa398fbbb6971696d1f31e30a9dae078df81c640a4
2015/10/02 12:20:34 TxIns:
2015/10/02 12:20:34 TxIn index: 0
2015/10/02 12:20:34 TxIn Input_Hash: d84bcdf92bfc9f72380a094a5fb40b0cb3ff3c507e5d58c514f16f09c00c17ac
2015/10/02 12:20:34 TxIn Input_Index: 1
2015/10/02 12:20:34 TxOuts:
2015/10/02 12:20:34 TxOut index: 0
2015/10/02 12:20:34 TxOut value: 5000000
2015/10/02 12:20:34 TxOut address: 1b9GMYvP9TEeBvq6yf7LbhCFP73qLTnox
2015/10/02 12:20:34 TxOut index: 1
2015/10/02 12:20:34 TxOut value: 365000000
2015/10/02 12:20:34 TxOut address: 1CyWqgmUk56qVHDD2P45A3XYVJ38Y2HxCQ
2015/10/02 12:20:34 
2015/10/02 12:20:34 Current block height: 76504
2015/10/02 12:20:34 Block hash: 00000000007e4d79957d9683a00079ba0e9f91da98fa8613867e749114e3d1af
2015/10/02 12:20:34 Block parent: 000000000077e89534715f4d01e0f90b4e746a88999f6d67c8893ad0c534559d
2015/10/02 12:20:34 Block merkle root: 510e858b63ca3b4cece974aceb1e365af2b608c21e8df09d27480b2e63e18863
2015/10/02 12:20:34 TxId: c5101700b645498891b744c62aae924241b20679890494f89e8679a8de0403e8
2015/10/02 12:20:34 TxIns:
2015/10/02 12:20:34 TxIn coinbase, newly generated coins
2015/10/02 12:20:34 TxOuts:
2015/10/02 12:20:34 TxOut index: 0
2015/10/02 12:20:34 TxOut value: 5000000000
2015/10/02 12:20:34 TxOut address: 1MS9TpDpLkg9PcsdmGnptkZDufhkjg5YZR
2015/10/02 12:20:34 TxId: 6450c5fdd0b8b1dc4c2364e5c3782476832f1f384ca55f9c9b60077c0477e567
2015/10/02 12:20:34 TxIns:
2015/10/02 12:20:34 TxIn index: 0
2015/10/02 12:20:34 TxIn Input_Hash: decf17a6ca020a81fd598cb400be7f0c0ef83096c1988b3fdd922d3889e69282
2015/10/02 12:20:34 TxIn Input_Index: 0
2015/10/02 12:20:34 TxOuts:
2015/10/02 12:20:34 TxOut index: 0
2015/10/02 12:20:34 TxOut value: 100000000
2015/10/02 12:20:34 TxOut address: 17FiwhVkhBzXkNccBNB2Vctev3gnrBUHkP
2015/10/02 12:20:34 TxOut index: 1
2015/10/02 12:20:34 TxOut value: 100000000
2015/10/02 12:20:34 TxOut address: 1GNJBSZBqxVA9KXbGXqGV7mTFuaKcQqgeG
2015/10/02 12:20:34 TxId: d2ab776c27c04ad7b54897eb81fb03a2b376d77f1ed706fa780ddb9bafcbd467
2015/10/02 12:20:34 TxIns:
2015/10/02 12:20:34 TxIn index: 0
2015/10/02 12:20:34 TxIn Input_Hash: a93e0b324035fef5ba2eeb1a62c0dc12bf8f49dccd9c91cc3c5b1efaa59c34d8
2015/10/02 12:20:34 TxIn Input_Index: 0
2015/10/02 12:20:34 TxIn index: 1
2015/10/02 12:20:34 TxIn Input_Hash: a3957c9f27a2474cc5f2b180ff1cda0bdb0dd67c526a8e82d27fb9dd38e2550f
2015/10/02 12:20:34 TxIn Input_Index: 1
2015/10/02 12:20:34 TxIn index: 2
2015/10/02 12:20:34 TxIn Input_Hash: c19290c02f1dbf3afe388fe40f63465588df1b6c6b0ebcb857b02937a0c454f2
2015/10/02 12:20:34 TxIn Input_Index: 0
2015/10/02 12:20:34 TxIn index: 3
2015/10/02 12:20:34 TxIn Input_Hash: c795a2a2165367d80894fc0234850fed5bc555cb41cf00e87e67f102e98ac289
2015/10/02 12:20:34 TxIn Input_Index: 0
2015/10/02 12:20:34 TxIn index: 4
2015/10/02 12:20:34 TxIn Input_Hash: 174730ad46150f763208ffff32eb7580fae622eec17135f0242f821d8b1e2609
2015/10/02 12:20:34 TxIn Input_Index: 0
2015/10/02 12:20:34 TxIn index: 5
2015/10/02 12:20:34 TxIn Input_Hash: ed2ebaaa1b981f31b489c58cacfd6bb41ffe2fea76ea8e8e6705fa9757d921cd
2015/10/02 12:20:34 TxIn Input_Index: 0
2015/10/02 12:20:34 TxOuts:
2015/10/02 12:20:34 TxOut index: 0
2015/10/02 12:20:34 TxOut value: 100000000
2015/10/02 12:20:34 TxOut address: 17FiwhVkhBzXkNccBNB2Vctev3gnrBUHkP
2015/10/02 12:20:34 TxId: ca329bd2eb6e65bd715aad1af4b4f3dee2209ca6f06a5de580f9ec543e412069
2015/10/02 12:20:34 TxIns:
2015/10/02 12:20:34 TxIn index: 0
2015/10/02 12:20:34 TxIn Input_Hash: 54c8c64f3dbf763667f15dbd027b0bc736021606e04e8c5a9b472d5594e8fed5
2015/10/02 12:20:34 TxIn Input_Index: 0
2015/10/02 12:20:34 TxIn index: 1
2015/10/02 12:20:34 TxIn Input_Hash: 030330307866b5ba4e50844bcca2a496c0964fb464c0bb2a22dd7fdcdb781b49
2015/10/02 12:20:34 TxIn Input_Index: 0
2015/10/02 12:20:34 TxOuts:
2015/10/02 12:20:34 TxOut index: 0
2015/10/02 12:20:34 TxOut value: 200000000
2015/10/02 12:20:34 TxOut address: 1BEcbMyUsUmikxz2PAhnP2XWNiXQZqm6Ee
2015/10/02 12:20:34 
2015/10/02 12:20:34 Current block height: 76505
2015/10/02 12:20:34 Block hash: 000000000067eaa4af1d89d643d5311382e467aa7545881072666a5910d77af1
2015/10/02 12:20:34 Block parent: 000000000028127725786e9b29c21e1a050b71d48e0320ede482c9d13da8159b
2015/10/02 12:20:34 Block merkle root: 042da35188b4a54a3ed3561b9e91d521bfc2a83110db833bab00280c8674e649
2015/10/02 12:20:34 TxId: a0193b3061e750beea160305c8da1bd07a9c12bf1a198d3fffaf45dd9afaf3e5
2015/10/02 12:20:34 TxIns:
2015/10/02 12:20:34 TxIn coinbase, newly generated coins
2015/10/02 12:20:34 TxOuts:
2015/10/02 12:20:34 TxOut index: 0
2015/10/02 12:20:34 TxOut value: 5000000000
2015/10/02 12:20:34 TxOut address: 18aQc1897uWvZaY5BM4VDMJ7X6eTLsbsxu
2015/10/02 12:20:34 TxId: 5404d5fb3a9d64965ad72c1b6a20bbd21b9620fb3057db1864fcd9d24c4313ca
2015/10/02 12:20:34 TxIns:
2015/10/02 12:20:34 TxIn index: 0
2015/10/02 12:20:34 TxIn Input_Hash: d84bcdf92bfc9f72380a094a5fb40b0cb3ff3c507e5d58c514f16f09c00c17ac
2015/10/02 12:20:34 TxIn Input_Index: 0
2015/10/02 12:20:34 TxIn index: 1
2015/10/02 12:20:34 TxIn Input_Hash: d0c0db014924fe535037e9ad19ba9bc90bab7bdbfe3127a07439f94b45f06f8f
2015/10/02 12:20:34 TxIn Input_Index: 0
2015/10/02 12:20:34 TxOuts:
2015/10/02 12:20:34 TxOut index: 0
2015/10/02 12:20:34 TxOut value: 10000000
2015/10/02 12:20:34 TxOut address: 1NUnbngzRB2SeMqZLrLrypoYW5FrusVU3X
2015/10/02 12:20:34 
2015/10/02 12:20:34 Current block height: 76506
2015/10/02 12:20:34 Block hash: 000000000059cdcd7334f9a025a14688cddc41e63e73084377f3db92047eae85
2015/10/02 12:20:34 Block parent: 00000000007e4d79957d9683a00079ba0e9f91da98fa8613867e749114e3d1af
2015/10/02 12:20:34 Block merkle root: bb3e91c12261292944c35f331b6369ade30447bea9a434d8e8fd276c6c399794
2015/10/02 12:20:34 TxId: 71e3d2c7f203d1c341dedf6375ad3554cbaca545fdab538a116611befdca46e2
2015/10/02 12:20:34 TxIns:
2015/10/02 12:20:34 TxIn coinbase, newly generated coins
2015/10/02 12:20:34 TxOuts:
2015/10/02 12:20:34 TxOut index: 0
2015/10/02 12:20:34 TxOut value: 5000000000
2015/10/02 12:20:34 TxOut address: 1FtGn6RgyZJwbNKE1SErzpNy4KNEwzmzw
2015/10/02 12:20:34 TxId: d73dbed9b72a32e44772ebec3b0a1b99c41976e60446cd4f2f6737ef96174de5
2015/10/02 12:20:34 TxIns:
2015/10/02 12:20:34 TxIn index: 0
2015/10/02 12:20:34 TxIn Input_Hash: 3f19ea77e07e7268363a410939d11869398f0dc7b0f3aa804d46b39712da8aa6
2015/10/02 12:20:34 TxIn Input_Index: 0
2015/10/02 12:20:34 TxOuts:
2015/10/02 12:20:34 TxOut index: 0
2015/10/02 12:20:34 TxOut value: 130000000
2015/10/02 12:20:34 TxOut address: 1dmTiTCxMnCMaaghSjr3QBvparteUHEe3
2015/10/02 12:20:34 TxOut index: 1
2015/10/02 12:20:34 TxOut value: 20000000
2015/10/02 12:20:34 TxOut address: 17FiwhVkhBzXkNccBNB2Vctev3gnrBUHkP
2015/10/02 12:20:34 TxId: 08d83bc67eb63b54d428676f44eef46b0b57a92320fb1569109be89ae6dc9f44
2015/10/02 12:20:34 TxIns:
2015/10/02 12:20:34 TxIn index: 0
2015/10/02 12:20:34 TxIn Input_Hash: 74cdf6d7ac888afde2e2edb2e72621d34f7c76428135430117f93331b93b98c7
2015/10/02 12:20:34 TxIn Input_Index: 1
2015/10/02 12:20:34 TxOuts:
2015/10/02 12:20:34 TxOut index: 0
2015/10/02 12:20:34 TxOut value: 20000000
2015/10/02 12:20:34 TxOut address: 1GL7Pc6xDLaQNqsBBQ6KKAiNuJ5Am7r2Zb
2015/10/02 12:20:34 
2015/10/02 12:20:34 Current block height: 76507
2015/10/02 12:20:34 Block hash: 00000000002f07d4d34780dc4a137efb235a8758f238d27949f126d4bb027e99
2015/10/02 12:20:34 Block parent: 000000000059cdcd7334f9a025a14688cddc41e63e73084377f3db92047eae85
2015/10/02 12:20:34 Block merkle root: 4f3cfff8fbea0d98f58bae623b5a1d2d28add4b2e885acd8589ce904e6c81572
2015/10/02 12:20:34 TxId: edc204fd187d7084c695bccaeee47ec815ab2d32f8f35f8ed8deb49cdfa9f6f9
2015/10/02 12:20:34 TxIns:
2015/10/02 12:20:34 TxIn coinbase, newly generated coins
2015/10/02 12:20:34 TxOuts:
2015/10/02 12:20:34 TxOut index: 0
2015/10/02 12:20:34 TxOut value: 5000000000
2015/10/02 12:20:34 TxOut address: 1DGut8MeZWoXwRwyqp64bqjjvW1k2scj3C
2015/10/02 12:20:34 TxId: 4931abfe8d0db70cb95469d31705f6a99b2d8f124e9164beb4eccde867352fbb
2015/10/02 12:20:34 TxIns:
2015/10/02 12:20:34 TxIn index: 0
2015/10/02 12:20:34 TxIn Input_Hash: 030330307866b5ba4e50844bcca2a496c0964fb464c0bb2a22dd7fdcdb781b49
2015/10/02 12:20:34 TxIn Input_Index: 1
2015/10/02 12:20:34 TxOuts:
2015/10/02 12:20:34 TxOut index: 0
2015/10/02 12:20:34 TxOut value: 50000000
2015/10/02 12:20:34 TxOut address: 1GNHxKDwfdFzdyjUe3rsPyDLtgEN1u15wd
2015/10/02 12:20:34 TxOut index: 1
2015/10/02 12:20:34 TxOut value: 50000000
2015/10/02 12:20:34 TxOut address: 1GL7Pc6xDLaQNqsBBQ6KKAiNuJ5Am7r2Zb
2015/10/02 12:20:34 
2015/10/02 12:20:34 Current block height: 76508
2015/10/02 12:20:34 Block hash: 00000000007db4e5d0ae361b7866a7b99794b896e2f9046f752883f25c250248
2015/10/02 12:20:34 Block parent: 000000000069a94ba8d29917f928852a4fa1d40ac03fd9e76940ccfcc849d849
2015/10/02 12:20:34 Block merkle root: d2aa4cb85e392d48f937b99e082ffd0f3d9f355d7c9ccd704df92f041e6d2a2b
2015/10/02 12:20:34 TxId: d2aa4cb85e392d48f937b99e082ffd0f3d9f355d7c9ccd704df92f041e6d2a2b
2015/10/02 12:20:34 TxIns:
2015/10/02 12:20:34 TxIn coinbase, newly generated coins
2015/10/02 12:20:34 TxOuts:
2015/10/02 12:20:34 TxOut index: 0
2015/10/02 12:20:34 TxOut value: 5000000000
2015/10/02 12:20:34 TxOut address: 1LMrQaVTgkGKU26wiGoXnf32xkYnTEpYju
2015/10/02 12:20:34 
2015/10/02 12:20:34 Current block height: 76509
2015/10/02 12:20:34 Block hash: 00000000005b87c26d2a0de186c9278c2e907d7f22b8ac5a58b5a683a0ce680f
2015/10/02 12:20:34 Block parent: 00000000007db4e5d0ae361b7866a7b99794b896e2f9046f752883f25c250248
2015/10/02 12:20:34 Block merkle root: 84957613f0038a7ae2f9e8b310dc6f2a902f571a6928664d9803140f7f7fd2ba
2015/10/02 12:20:34 TxId: 84957613f0038a7ae2f9e8b310dc6f2a902f571a6928664d9803140f7f7fd2ba
2015/10/02 12:20:34 TxIns:
2015/10/02 12:20:34 TxIn coinbase, newly generated coins
2015/10/02 12:20:34 TxOuts:
2015/10/02 12:20:34 TxOut index: 0
2015/10/02 12:20:34 TxOut value: 5000000000
2015/10/02 12:20:34 TxOut address: 19Qrnq4LSJsc1ZuyZaCShaxPrG9K4ixfKg
2015/10/02 12:20:34 
2015/10/02 12:20:34 Current block height: 76510
2015/10/02 12:20:34 Block hash: 000000000002601c93ef66f9492a0ab736318a318d4c95fcb96154cd0af31780
2015/10/02 12:20:34 Block parent: 00000000003db1222fdfde4694301d80314a8f17fa95ec687a51de1c06298427
2015/10/02 12:20:34 Block merkle root: 849425b580715ca0f4e4f98d623282a3080ef6ec35b93679b9d2c4cf4620d7ad
2015/10/02 12:20:34 TxId: b92e89dba892c1ad385f37d2494efe1e175c9c68ec0268ca11fb6ec9b296d4d8
2015/10/02 12:20:34 TxIns:
2015/10/02 12:20:34 TxIn coinbase, newly generated coins
2015/10/02 12:20:34 TxOuts:
2015/10/02 12:20:34 TxOut index: 0
2015/10/02 12:20:34 TxOut value: 5000000000
2015/10/02 12:20:34 TxOut address: 1AQxAeNpqi9r9oNHuruzLaXF39k4Ts9be1
2015/10/02 12:20:34 TxId: 7b4d92b002ce61fa92ecc96170871ce9054b8ea2172485b7fd68ce218d9b031b
2015/10/02 12:20:34 TxIns:
2015/10/02 12:20:34 TxIn index: 0
2015/10/02 12:20:34 TxIn Input_Hash: 7c0da4283b6336cfd921cb7ee6394b28094d1aaa1e782cb8a9dd97f6fbd14efd
2015/10/02 12:20:34 TxIn Input_Index: 0
2015/10/02 12:20:34 TxOuts:
2015/10/02 12:20:34 TxOut index: 0
2015/10/02 12:20:34 TxOut value: 200000000
2015/10/02 12:20:34 TxOut address: 1Mz6PNnCJ1cwVK3qaH66QtCko5oNaHN4a
2015/10/02 12:20:34 TxId: ec993283df6ae35e528ab5df82913287de8c642c510596b66984677d1b0d6f9e
2015/10/02 12:20:34 TxIns:
2015/10/02 12:20:34 TxIn index: 0
2015/10/02 12:20:34 TxIn Input_Hash: 7972d05594d372a207333275ef437994a353fadfbb7ec9b7b5f6055ccb4dddb4
2015/10/02 12:20:34 TxIn Input_Index: 0
2015/10/02 12:20:34 TxOuts:
2015/10/02 12:20:34 TxOut index: 0
2015/10/02 12:20:34 TxOut value: 200000000
2015/10/02 12:20:34 TxOut address: 19tq9NYFsSCMRUkc12v363tHgAeUokoVam
2015/10/02 12:20:34 
2015/10/02 12:20:34 Current block height: 76511
2015/10/02 12:20:34 Block hash: 0000000000698eba2c56859ad0fbebf8631a2bec35173eacb82cbd1d67b2203f
2015/10/02 12:20:34 Block parent: 000000000002601c93ef66f9492a0ab736318a318d4c95fcb96154cd0af31780
2015/10/02 12:20:34 Block merkle root: b5433fdcbb937f9c1f63416191f4376c67c948f7336f1d1fa965fd309c3ed7a4
2015/10/02 12:20:34 TxId: cec47778051e07ebc3add0dd44121aaabfff1e8e58ad608cc7512afd067b7487
2015/10/02 12:20:34 TxIns:
2015/10/02 12:20:34 TxIn coinbase, newly generated coins
2015/10/02 12:20:34 TxOuts:
2015/10/02 12:20:34 TxOut index: 0
2015/10/02 12:20:34 TxOut value: 5000000000
2015/10/02 12:20:34 TxOut address: 1KUtBhnm2io8cETKBmQR9z5J23cd3Ctnvj
2015/10/02 12:20:34 TxId: a0d2873e92764069e8b9bfd08a168996d3ed94f8ab4a9ad6a375c5e8ce705c6b
2015/10/02 12:20:34 TxIns:
2015/10/02 12:20:34 TxIn index: 0
2015/10/02 12:20:34 TxIn Input_Hash: a6266cb0a350dea6223b5bba7a91b6aa4ead79f60d347ee45764e4b350146a35
2015/10/02 12:20:34 TxIn Input_Index: 0
2015/10/02 12:20:34 TxOuts:
2015/10/02 12:20:34 TxOut index: 0
2015/10/02 12:20:34 TxOut value: 200000000000
2015/10/02 12:20:34 TxOut address: 193PvhfxxaSjUAqJBD9ENUPtSprJ4hAXcp
2015/10/02 12:20:34 TxId: c37c41e4730a49a7c152d8bfba3abb2e2080615eb04780ef3da4d0009c2cb261
2015/10/02 12:20:34 TxIns:
2015/10/02 12:20:34 TxIn index: 0
2015/10/02 12:20:34 TxIn Input_Hash: 9c9fb3f5225db22a691fc28b36bdcee99a3fa50c962c5b7ec504d2e85c7459cd
2015/10/02 12:20:34 TxIn Input_Index: 0
2015/10/02 12:20:34 TxOuts:
2015/10/02 12:20:34 TxOut index: 0
2015/10/02 12:20:34 TxOut value: 5000000000
2015/10/02 12:20:34 TxOut address: 1MFA2FzeHgNRY5dGGiQtPxJx3LEKBit7UP
2015/10/02 12:20:34 
2015/10/02 12:20:34 Current block height: 76512
2015/10/02 12:20:34 Block hash: 000000000034429ed4f1b95e2497557b05bc5299330628eb9212264ce21d618b
2015/10/02 12:20:34 Block parent: 0000000000698eba2c56859ad0fbebf8631a2bec35173eacb82cbd1d67b2203f
2015/10/02 12:20:34 Block merkle root: 1f89eceb287214c17549763f5e1e2ed42d6f5b3609dd1f30f996490e4e1b8249
2015/10/02 12:20:34 TxId: 1f89eceb287214c17549763f5e1e2ed42d6f5b3609dd1f30f996490e4e1b8249
2015/10/02 12:20:34 TxIns:
2015/10/02 12:20:34 TxIn coinbase, newly generated coins
2015/10/02 12:20:34 TxOuts:
2015/10/02 12:20:34 TxOut index: 0
2015/10/02 12:20:34 TxOut value: 5000000000
2015/10/02 12:20:34 TxOut address: 157FYfhsnwmDS4YouTESMjDswob31arxjn
2015/10/02 12:20:34 
2015/10/02 12:20:34 Current block height: 76513
2015/10/02 12:20:34 Block hash: 000000000030b9cf485bad36911b3aada0d1962ac81751f4415eadac6a08bf9a
2015/10/02 12:20:34 Block parent: 000000000034429ed4f1b95e2497557b05bc5299330628eb9212264ce21d618b
2015/10/02 12:20:34 Block merkle root: 3ecdb9cfb902bc62a78b5fedd9b87ee4337d5cf1461a58d956a5f46111ab4dc2
2015/10/02 12:20:34 TxId: 3ecdb9cfb902bc62a78b5fedd9b87ee4337d5cf1461a58d956a5f46111ab4dc2
2015/10/02 12:20:34 TxIns:
2015/10/02 12:20:34 TxIn coinbase, newly generated coins
2015/10/02 12:20:34 TxOuts:
2015/10/02 12:20:34 TxOut index: 0
2015/10/02 12:20:34 TxOut value: 5000000000
2015/10/02 12:20:34 TxOut address: 1H91qNow5nsYhs4v3pmn2bEZnfCLUNZDt
2015/10/02 12:20:34 
2015/10/02 12:20:34 Current block height: 76514
2015/10/02 12:20:34 Block hash: 000000000027dc9f8d1c8c8cc1c0c281ef183c3ad6347290be3848f867f69335
2015/10/02 12:20:34 Block parent: 000000000030b9cf485bad36911b3aada0d1962ac81751f4415eadac6a08bf9a
2015/10/02 12:20:34 Block merkle root: 3ac5f569738b93c56d843575c3138e2ff0b620d37ca3e64b5492b82c83c1d4d6
2015/10/02 12:20:34 TxId: 3ac5f569738b93c56d843575c3138e2ff0b620d37ca3e64b5492b82c83c1d4d6
2015/10/02 12:20:34 TxIns:
2015/10/02 12:20:34 TxIn coinbase, newly generated coins
2015/10/02 12:20:34 TxOuts:
2015/10/02 12:20:34 TxOut index: 0
2015/10/02 12:20:34 TxOut value: 5000000000
2015/10/02 12:20:34 TxOut address: 19yo3nyPXPKKth4xx7SFEvcvkCXR9Hpyi2
2015/10/02 12:20:34 
2015/10/02 12:20:34 Current block height: 76515
2015/10/02 12:20:34 Block hash: 00000000006ce58f158438b0544ef9d5800d3e0d23730c48dbca78aa76cd6346
2015/10/02 12:20:34 Block parent: 000000000065499fa340f3cfd729967dd83f1cab122091ac90088e09126732a5
2015/10/02 12:20:34 Block merkle root: f8edc63089082558acc50300fbd63730da561e43088ab169e8512e647b088ee5
2015/10/02 12:20:34 TxId: f8edc63089082558acc50300fbd63730da561e43088ab169e8512e647b088ee5
2015/10/02 12:20:34 TxIns:
2015/10/02 12:20:34 TxIn coinbase, newly generated coins
2015/10/02 12:20:34 TxOuts:
2015/10/02 12:20:34 TxOut index: 0
2015/10/02 12:20:34 TxOut value: 5000000000
2015/10/02 12:20:34 TxOut address: 15MoKp88LZMud5L3J1qUchdgG1zWzbiSa3
2015/10/02 12:20:34 
2015/10/02 12:20:34 Current block height: 76516
2015/10/02 12:20:34 Block hash: 000000000031cfd99c96ca994b72139214ee114a7286380413b66ca10958e9ab
2015/10/02 12:20:34 Block parent: 000000000027dc9f8d1c8c8cc1c0c281ef183c3ad6347290be3848f867f69335
2015/10/02 12:20:34 Block merkle root: d0de79c3115502a475ee792a8f114fc618e61e6cea95aeb2020e3caec73a6815
2015/10/02 12:20:34 TxId: d0de79c3115502a475ee792a8f114fc618e61e6cea95aeb2020e3caec73a6815
2015/10/02 12:20:34 TxIns:
2015/10/02 12:20:34 TxIn coinbase, newly generated coins
2015/10/02 12:20:34 TxOuts:
2015/10/02 12:20:34 TxOut index: 0
2015/10/02 12:20:34 TxOut value: 5000000000
2015/10/02 12:20:34 TxOut address: 1Lg3e42nuuUVGhEViHjvksMjLGDJvrZvam
2015/10/02 12:20:34 
2015/10/02 12:20:34 Current block height: 76517
2015/10/02 12:20:34 Block hash: 00000000003b3985d715686c734d745cd37d3bc064c477510fc38336f5b1e198
2015/10/02 12:20:34 Block parent: 000000000015eed9b3a117a7ac9625ec0aa70271f25637dc3f5afb2f5671e40d
2015/10/02 12:20:34 Block merkle root: 9cefbca27948a80f3405961cce5a6d482ffe463b81db8f206cc9fb5fe628834e
2015/10/02 12:20:34 TxId: 639f2285a28288f30b0df5d515ced14c207016b9c19c39e8f062755f8da3658c
2015/10/02 12:20:34 TxIns:
2015/10/02 12:20:34 TxIn coinbase, newly generated coins
2015/10/02 12:20:34 TxOuts:
2015/10/02 12:20:34 TxOut index: 0
2015/10/02 12:20:34 TxOut value: 5000000000
2015/10/02 12:20:34 TxOut address: 1EU1gzHMcBLtKKZRFGaeCK5AHwBkyu6phA
2015/10/02 12:20:34 TxId: ebb8a6c69591556d133d073aa49143d17a7835e9a8981708acdd751e7f047ce6
2015/10/02 12:20:34 TxIns:
2015/10/02 12:20:34 TxIn index: 0
2015/10/02 12:20:34 TxIn Input_Hash: 504c07aac15e069107b70322ad8c657c1339b37a3ecf0f7333556c2dbccc68a5
2015/10/02 12:20:34 TxIn Input_Index: 1
2015/10/02 12:20:34 TxOuts:
2015/10/02 12:20:34 TxOut index: 0
2015/10/02 12:20:34 TxOut value: 5000000
2015/10/02 12:20:34 TxOut address: 1K5jV8qVja3VpMHCFh2BvW2xQVTeuKKhMY
2015/10/02 12:20:34 TxOut index: 1
2015/10/02 12:20:34 TxOut value: 355000000
2015/10/02 12:20:34 TxOut address: 12cKsndFsjm3bv9hYszxpzxHXrU1U9wU6s
2015/10/02 12:20:34 
2015/10/02 12:20:34 Current block height: 76518
2015/10/02 12:20:34 Block hash: 0000000000178f33430f306ef02b7f3670e68bafafa700ff8fb3f6732a610847
2015/10/02 12:20:34 Block parent: 0000000000398f221f60361e203c7bf2b5ecc4b26f44ad740c8284c85494df47
2015/10/02 12:20:34 Block merkle root: f9a560ad81118cc26eb4b6a89ff41a2e58a87115227365847f685451855eba64
2015/10/02 12:20:34 TxId: 01c9facde43c53aac8066a4a7108d2aa99814b1d7b21bcf55dc34ad41783f9df
2015/10/02 12:20:34 TxIns:
2015/10/02 12:20:34 TxIn coinbase, newly generated coins
2015/10/02 12:20:34 TxOuts:
2015/10/02 12:20:34 TxOut index: 0
2015/10/02 12:20:34 TxOut value: 5000000000
2015/10/02 12:20:34 TxOut address: 1KopX1bdTUohUHTFCRkx94T8UzM78S2miw
2015/10/02 12:20:34 TxId: 04cb6e8b313dca6bb3506f1ec9a8aff20773d3e79f040b2255014e8850d16ff6
2015/10/02 12:20:34 TxIns:
2015/10/02 12:20:34 TxIn index: 0
2015/10/02 12:20:34 TxIn Input_Hash: c5b4c8f94d4eade16794052f52a291698cf7d6aa8cae06edcae1aff2ee9587cc
2015/10/02 12:20:34 TxIn Input_Index: 1
2015/10/02 12:20:34 TxIn index: 1
2015/10/02 12:20:34 TxIn Input_Hash: 90a482ee1153e261642682bb409c1b58dbe4ed3eb6cea7052af13a7def3bb615
2015/10/02 12:20:34 TxIn Input_Index: 0
2015/10/02 12:20:34 TxIn index: 2
2015/10/02 12:20:34 TxIn Input_Hash: ff89b1d3dc367b7bab6db6bca03d4a48e9fa8f94221ac9b629ef3f751b69b89a
2015/10/02 12:20:34 TxIn Input_Index: 0
2015/10/02 12:20:34 TxOuts:
2015/10/02 12:20:34 TxOut index: 0
2015/10/02 12:20:34 TxOut value: 1500000000
2015/10/02 12:20:34 TxOut address: 1EPQe4GA6YPTL4hh8ZMXhL7tWWPaqihmas
2015/10/02 12:20:34 TxId: 5237651a9726967335b338c1053294c267a345a8ce6936fec04eb32755b9eada
2015/10/02 12:20:34 TxIns:
2015/10/02 12:20:34 TxIn index: 0
2015/10/02 12:20:34 TxIn Input_Hash: 999b86204e6aa558790355df41bd9ec5d401071437aa77aa84426e1d61a08395
2015/10/02 12:20:34 TxIn Input_Index: 0
2015/10/02 12:20:34 TxIn index: 1
2015/10/02 12:20:34 TxIn Input_Hash: 91a0f410da4fae8adfc1b9e8cf04cd720b4b49409ba058f0f44a69c9edfc78e3
2015/10/02 12:20:34 TxIn Input_Index: 0
2015/10/02 12:20:34 TxIn index: 2
2015/10/02 12:20:34 TxIn Input_Hash: ca3d10c5614badf8dbdfdaf8a8a0ed43cc1a4b2421f1e725bd6c55968ff87df2
2015/10/02 12:20:34 TxIn Input_Index: 0
2015/10/02 12:20:34 TxOuts:
2015/10/02 12:20:34 TxOut index: 0
2015/10/02 12:20:34 TxOut value: 15000000000
2015/10/02 12:20:34 TxOut address: 152L5GKZX9SERukYRLTEf4yLF28jXEdFkm
2015/10/02 12:20:34 
2015/10/02 12:20:34 Current block height: 76519
2015/10/02 12:20:34 Block hash: 00000000000541e29a73441085ce3da7682c5b14a0d7ac2090b4e85a84ea8202
2015/10/02 12:20:34 Block parent: 00000000002f07d4d34780dc4a137efb235a8758f238d27949f126d4bb027e99
2015/10/02 12:20:34 Block merkle root: ceecb9b3ddb0c6b628990a3f6840b751d17366093cbf8a98ef1ffcb9147e56c1
2015/10/02 12:20:34 TxId: a7b3951260c6d3af509d6db9c0c93526d046b92e112b829bdd02f0766fb9729f
2015/10/02 12:20:34 TxIns:
2015/10/02 12:20:34 TxIn coinbase, newly generated coins
2015/10/02 12:20:34 TxOuts:
2015/10/02 12:20:34 TxOut index: 0
2015/10/02 12:20:34 TxOut value: 5000000000
2015/10/02 12:20:34 TxOut address: 17UwntRUT7ASmwfsfXk3YqAHcAtawMwwPT
2015/10/02 12:20:34 TxId: 9cfcfda5ea5f11d033998cdf0ed15de712a0781fc8d4c081f66b3f95004b34cb
2015/10/02 12:20:34 TxIns:
2015/10/02 12:20:34 TxIn index: 0
2015/10/02 12:20:34 TxIn Input_Hash: e3c770a08e8ba67feb775706be6c2b723d430adc45cc6bb21c48ef1dbaf24208
2015/10/02 12:20:34 TxIn Input_Index: 0
2015/10/02 12:20:34 TxOuts:
2015/10/02 12:20:34 TxOut index: 0
2015/10/02 12:20:34 TxOut value: 50000000
2015/10/02 12:20:34 TxOut address: 1GL7Pc6xDLaQNqsBBQ6KKAiNuJ5Am7r2Zb
2015/10/02 12:20:34 
2015/10/02 12:20:34 Current block height: 76520
2015/10/02 12:20:34 Block hash: 00000000005425f812290bf2d0cff81ecd9ae894f3f65524e1742ec81df34d4f
2015/10/02 12:20:34 Block parent: 00000000000541e29a73441085ce3da7682c5b14a0d7ac2090b4e85a84ea8202
2015/10/02 12:20:34 Block merkle root: 78f3ff8231e9cb9c187c2f2b86b60f6e04ae7bada190cf82591a6f2b40d2b78a
2015/10/02 12:20:34 TxId: 78f3ff8231e9cb9c187c2f2b86b60f6e04ae7bada190cf82591a6f2b40d2b78a
2015/10/02 12:20:34 TxIns:
2015/10/02 12:20:34 TxIn coinbase, newly generated coins
2015/10/02 12:20:34 TxOuts:
2015/10/02 12:20:34 TxOut index: 0
2015/10/02 12:20:34 TxOut value: 5000000000
2015/10/02 12:20:34 TxOut address: 1PP3xRBt8zrDWdCQ2v2WdpducDjbHTrkqU
2015/10/02 12:20:34 
2015/10/02 12:20:34 Current block height: 76521
2015/10/02 12:20:34 Block hash: 00000000003fbac8c792fd3eb2c7ab3369ad3e65c07d36d62395c6f457aea2f4
2015/10/02 12:20:34 Block parent: 0000000000462307b9595ea87f34e39c0edf279a51788e8d85258caf5228c8c0
2015/10/02 12:20:34 Block merkle root: 1faa09e15e306a5d6b89ba1ad4173b091d03732ccb60240bcf5c08487304cda2
2015/10/02 12:20:34 TxId: 08d819fed43477ab9f355181a024bff8886a8b132d740cbea92148fec3fb84eb
2015/10/02 12:20:34 TxIns:
2015/10/02 12:20:34 TxIn coinbase, newly generated coins
2015/10/02 12:20:34 TxOuts:
2015/10/02 12:20:34 TxOut index: 0
2015/10/02 12:20:34 TxOut value: 5000000000
2015/10/02 12:20:34 TxOut address: 152qXrqL3NAPW58yVo3GPTrQJ2q9JpGtZ9
2015/10/02 12:20:34 TxId: 1184966b95ab74c2c462dd942e73731e668e13a4d3f8acdcae3585fcfec6e08c
2015/10/02 12:20:34 TxIns:
2015/10/02 12:20:34 TxIn index: 0
2015/10/02 12:20:34 TxIn Input_Hash: 9e77702e788f42a8edd468f26725f80b7fc0124fb2a7c8e66b7f49bd1617f567
2015/10/02 12:20:34 TxIn Input_Index: 1
2015/10/02 12:20:34 TxOuts:
2015/10/02 12:20:34 TxOut index: 0
2015/10/02 12:20:34 TxOut value: 46400000000
2015/10/02 12:20:34 TxOut address: 1PcpTYxwRMPH1AtSdqZzkh5xXqp6rVbb8m
2015/10/02 12:20:34 
2015/10/02 12:20:34 Current block height: 76522
2015/10/02 12:20:34 Block hash: 00000000004cc3012af9e709b2cc0ddefbcb1a734452b1b90f8290f028014d3b
2015/10/02 12:20:34 Block parent: 00000000003b6f20b38f57b4f2782cbb39a02f8bc799de604e04af8788b7dad1
2015/10/02 12:20:34 Block merkle root: 898bdb7f2a49a4bcfada1570cadc95610db201c325b8d74806ac795adaf43219
2015/10/02 12:20:34 TxId: 898bdb7f2a49a4bcfada1570cadc95610db201c325b8d74806ac795adaf43219
2015/10/02 12:20:34 TxIns:
2015/10/02 12:20:34 TxIn coinbase, newly generated coins
2015/10/02 12:20:34 TxOuts:
2015/10/02 12:20:34 TxOut index: 0
2015/10/02 12:20:34 TxOut value: 5000000000
2015/10/02 12:20:34 TxOut address: 1MAfNEjjtcsHZ5g4G8EgTwBLK4KyJuenZH
2015/10/02 12:20:34 
2015/10/02 12:20:34 Current block height: 76523
2015/10/02 12:20:34 Block hash: 00000000005fafe0907d8266a2a438d61821f65b6b57d45ab67cbf23e154290b
2015/10/02 12:20:34 Block parent: 00000000004cc3012af9e709b2cc0ddefbcb1a734452b1b90f8290f028014d3b
2015/10/02 12:20:34 Block merkle root: e9f5ab32ffe5559fb08bc248b2d27057dd5531771f8d13fd2db4f7435b3e4667
2015/10/02 12:20:34 TxId: e9f5ab32ffe5559fb08bc248b2d27057dd5531771f8d13fd2db4f7435b3e4667
2015/10/02 12:20:34 TxIns:
2015/10/02 12:20:34 TxIn coinbase, newly generated coins
2015/10/02 12:20:34 TxOuts:
2015/10/02 12:20:34 TxOut index: 0
2015/10/02 12:20:34 TxOut value: 5000000000
2015/10/02 12:20:34 TxOut address: 1GYLX8eCu3tfqNfU4GPdLbdQyjeaD3pNE6
2015/10/02 12:20:34 
2015/10/02 12:20:34 Current block height: 76524
2015/10/02 12:20:34 Block hash: 00000000003b80ef0087fec44d028eef1e9b50f9589f636d67a7c8f25ca6e647
2015/10/02 12:20:34 Block parent: 000000000031cfd99c96ca994b72139214ee114a7286380413b66ca10958e9ab
2015/10/02 12:20:34 Block merkle root: 2aeabaa339991baef1f1b5162866eeb105dbeb6640d04a654c301d030ed0f8e0
2015/10/02 12:20:34 TxId: 0bc9d884066faa1ade506591334aec78eb4c2191950d9c166aed47c8e069ea92
2015/10/02 12:20:34 TxIns:
2015/10/02 12:20:34 TxIn coinbase, newly generated coins
2015/10/02 12:20:34 TxOuts:
2015/10/02 12:20:34 TxOut index: 0
2015/10/02 12:20:34 TxOut value: 5000000000
2015/10/02 12:20:34 TxOut address: 16hv4Uwxijn1vdFZfb5fuo8o7NKWGWiL3E
2015/10/02 12:20:34 TxId: 001902ca386cdbb8a706d6ee7bc22b25b708bf3ea1a8a4a51d0e86c1514184b9
2015/10/02 12:20:34 TxIns:
2015/10/02 12:20:34 TxIn index: 0
2015/10/02 12:20:34 TxIn Input_Hash: f5efc687485e7a548e6d1d6490a4cfc6ba7fc6de90e1612366194de7de76055d
2015/10/02 12:20:34 TxIn Input_Index: 0
2015/10/02 12:20:34 TxOuts:
2015/10/02 12:20:34 TxOut index: 0
2015/10/02 12:20:34 TxOut value: 5000000000
2015/10/02 12:20:34 TxOut address: 1MFA2FzeHgNRY5dGGiQtPxJx3LEKBit7UP
2015/10/02 12:20:34 TxId: d7ebc5e44221e96ea17f69df9ccfb3f4407c044c786de0c1fcadda9434a01f55
2015/10/02 12:20:34 TxIns:
2015/10/02 12:20:34 TxIn index: 0
2015/10/02 12:20:34 TxIn Input_Hash: a16c7ce7f0798815f9da4fc457bf1f1f9cbcabf7a309d006be5327a681176cc5
2015/10/02 12:20:34 TxIn Input_Index: 0
2015/10/02 12:20:34 TxOuts:
2015/10/02 12:20:34 TxOut index: 0
2015/10/02 12:20:34 TxOut value: 1700000000
2015/10/02 12:20:34 TxOut address: 1F1dfpKBVyE8VFwn9S78Yf7mve5jnKbt1V
2015/10/02 12:20:34 TxOut index: 1
2015/10/02 12:20:34 TxOut value: 3300000000
2015/10/02 12:20:34 TxOut address: 1G1HxvzNvWz61xNeVgYcxtxLyQMYaL1Jpq
2015/10/02 12:20:34 TxId: db3e699332d3603422c1907a833a7193b0d736dad4312fd2bca8e3bb3e33d9f7
2015/10/02 12:20:34 TxIns:
2015/10/02 12:20:34 TxIn index: 0
2015/10/02 12:20:34 TxIn Input_Hash: 437871aa1bf6eaef9c941a371bac0b627fbf16425639eb1f6023460609f0d8c5
2015/10/02 12:20:34 TxIn Input_Index: 0
2015/10/02 12:20:34 TxOuts:
2015/10/02 12:20:34 TxOut index: 0
2015/10/02 12:20:34 TxOut value: 500000000
2015/10/02 12:20:34 TxOut address: 1QAH6Q1jDTPSiFNoSohMxJegtpADLkamuh
2015/10/02 12:20:34 TxOut index: 1
2015/10/02 12:20:34 TxOut value: 500000000
2015/10/02 12:20:34 TxOut address: 1Fun6ZrNfYSy4JYnxCUVEKRuHQ6GdQC8pY
2015/10/02 12:20:34 TxId: ea28dd6a7dbc43133e6cbad930219fbf937b10d0a95bc894572ce90767d3459c
2015/10/02 12:20:34 TxIns:
2015/10/02 12:20:34 TxIn index: 0
2015/10/02 12:20:34 TxIn Input_Hash: b24c82fd868548b558977add5443054bfa04a16f8e20453b0f25fb695a10fae0
2015/10/02 12:20:34 TxIn Input_Index: 0
2015/10/02 12:20:34 TxOuts:
2015/10/02 12:20:34 TxOut index: 0
2015/10/02 12:20:34 TxOut value: 20000000000
2015/10/02 12:20:34 TxOut address: 1A5xf6Rse2Gh519dAZ2AkBxRUWGsfKJwdp
2015/10/02 12:20:34 TxOut index: 1
2015/10/02 12:20:34 TxOut value: 20000000000
2015/10/02 12:20:34 TxOut address: 1Cuju1Sw97U1SYSYuBiMdJz3NPrjNEzJtP
2015/10/02 12:20:34 
2015/10/02 12:20:34 Current block height: 76525
2015/10/02 12:20:34 Block hash: 00000000001d34d749090c638290809294ed6ff992741f739860e617f4547d6c
2015/10/02 12:20:34 Block parent: 00000000003b80ef0087fec44d028eef1e9b50f9589f636d67a7c8f25ca6e647
2015/10/02 12:20:34 Block merkle root: 962502caa45da168937dfb201bb0b4431e6d1ac91d7742b7b73323d0e968e274
2015/10/02 12:20:34 TxId: 962502caa45da168937dfb201bb0b4431e6d1ac91d7742b7b73323d0e968e274
2015/10/02 12:20:34 TxIns:
2015/10/02 12:20:34 TxIn coinbase, newly generated coins
2015/10/02 12:20:34 TxOuts:
2015/10/02 12:20:34 TxOut index: 0
2015/10/02 12:20:34 TxOut value: 5000000000
2015/10/02 12:20:34 TxOut address: 181pZSFfqqGu6QjPGRQ9HEtytqS47FMN7F
2015/10/02 12:20:34 
2015/10/02 12:20:34 Current block height: 76526
2015/10/02 12:20:34 Block hash: 00000000002f9f90a5fa514d5f35f9c68bb248a70835a015907b9fbd37f884a7
2015/10/02 12:20:34 Block parent: 00000000005476fee9f4ee09763015ed5441266560b0506288ef0ba5b2bd84b7
2015/10/02 12:20:34 Block merkle root: 2baa5215bf07fd640a05255d3d8c77c09127413af8b79ab8f1e0d08f746152e4
2015/10/02 12:20:34 TxId: 3da3f65ba6400e907a5a1ca7e3fc1ee73dc2d6157b9879396ae5096c19a555b8
2015/10/02 12:20:34 TxIns:
2015/10/02 12:20:34 TxIn coinbase, newly generated coins
2015/10/02 12:20:34 TxOuts:
2015/10/02 12:20:34 TxOut index: 0
2015/10/02 12:20:34 TxOut value: 5000000000
2015/10/02 12:20:34 TxOut address: 14aieeMvb3csPmmcU6YbBma8Ze5LSvpjWp
2015/10/02 12:20:34 TxId: 02fa8dda53a03a93eff894c50e8b14e81129ed1d4f43f39dfd6de7fbf93d7cf7
2015/10/02 12:20:34 TxIns:
2015/10/02 12:20:34 TxIn index: 0
2015/10/02 12:20:34 TxIn Input_Hash: 41efe28cef2a7ff400af74f1cad0c0cdc516bb5cd9c9529597ff0150a924e81c
2015/10/02 12:20:34 TxIn Input_Index: 0
2015/10/02 12:20:34 TxOuts:
2015/10/02 12:20:34 TxOut index: 0
2015/10/02 12:20:34 TxOut value: 5000000
2015/10/02 12:20:34 TxOut address: 1JAYfu8yUKJk48E6g4Mhvj5ZrPJKUq76K5
2015/10/02 12:20:34 
2015/10/02 12:20:34 Current block height: 76527
2015/10/02 12:20:34 Block hash: 00000000007f56518e3a6f0e0649d33092982cd9f37386db89a3ef8d11f80286
2015/10/02 12:20:34 Block parent: 0000000000324ae509530827f33cef2bbb6ff207006be0d84f6d1c618b1bb38b
2015/10/02 12:20:34 Block merkle root: a3353e8c779ed57c6bc2df833fcb36c7c109d08f8040ec9162468624075115a7
2015/10/02 12:20:34 TxId: a3353e8c779ed57c6bc2df833fcb36c7c109d08f8040ec9162468624075115a7
2015/10/02 12:20:34 TxIns:
2015/10/02 12:20:34 TxIn coinbase, newly generated coins
2015/10/02 12:20:34 TxOuts:
2015/10/02 12:20:34 TxOut index: 0
2015/10/02 12:20:34 TxOut value: 5000000000
2015/10/02 12:20:34 TxOut address: 1BdBfvXeJ8GUDoZyyL3eTK2SDBwwiQoKAT
2015/10/02 12:20:34 
2015/10/02 12:20:34 Current block height: 76528
2015/10/02 12:20:34 Block hash: 000000000049e8245949e11c3e326597f4777bd470f29e59e19c48fae41a8fd8
2015/10/02 12:20:34 Block parent: 00000000005297a5da507f26d4c4e08446e1ce76b61b8875a6a3f0bd25b4e389
2015/10/02 12:20:34 Block merkle root: 6c8d621b18a1e0526975fb49de3a7638051d8e71620ef147e48d5f5c7c638d91
2015/10/02 12:20:34 TxId: 9d07880d2d8104a6fd6ecd06c1142b7fac9afdf452a23e1a8831442ad61ae5fe
2015/10/02 12:20:34 TxIns:
2015/10/02 12:20:34 TxIn coinbase, newly generated coins
2015/10/02 12:20:34 TxOuts:
2015/10/02 12:20:34 TxOut index: 0
2015/10/02 12:20:34 TxOut value: 5000000000
2015/10/02 12:20:34 TxOut address: 19RLTSgdR7i8exv8YPTaGiunpbXTkuZwMN
2015/10/02 12:20:34 TxId: 18b58ee4f84aa97856acc7e74b7c7792aa3514f77df7b3a3c8c9c5edf74b9b11
2015/10/02 12:20:34 TxIns:
2015/10/02 12:20:34 TxIn index: 0
2015/10/02 12:20:34 TxIn Input_Hash: 049a0b4a30246db81dbd645c982815ec78be0896d02a9dd0fb38356684605b73
2015/10/02 12:20:34 TxIn Input_Index: 0
2015/10/02 12:20:34 TxIn index: 1
2015/10/02 12:20:34 TxIn Input_Hash: d90d4490a8d48c6e845f3fa5256a5470a9bd4290923468545c04c6e5e1f33321
2015/10/02 12:20:34 TxIn Input_Index: 0
2015/10/02 12:20:34 TxOuts:
2015/10/02 12:20:34 TxOut index: 0
2015/10/02 12:20:34 TxOut value: 10000000000
2015/10/02 12:20:34 TxOut address: 1zXzDGhCaQKwwswB8WzqEvtyg6AbcZBTM
2015/10/02 12:20:34 
2015/10/02 12:20:34 Current block height: 76529
2015/10/02 12:20:34 Block hash: 0000000000327de54fbb280a283426d8a6d2d253578483e6c7ec3e2f230d5170
2015/10/02 12:20:34 Block parent: 00000000004cb6c0877709254c50b27de6c5c417641519d0118a0797ddf59ca0
2015/10/02 12:20:34 Block merkle root: e80eeb62aec395945d7447cceb28ef6eebe6eed0bad849ef022eb185d7bf129c
2015/10/02 12:20:34 TxId: e80eeb62aec395945d7447cceb28ef6eebe6eed0bad849ef022eb185d7bf129c
2015/10/02 12:20:34 TxIns:
2015/10/02 12:20:34 TxIn coinbase, newly generated coins
2015/10/02 12:20:34 TxOuts:
2015/10/02 12:20:34 TxOut index: 0
2015/10/02 12:20:34 TxOut value: 5000000000
2015/10/02 12:20:34 TxOut address: 1Lqu5kzrUZBAaRFC2zucTBi1wyhXxoNY2k
2015/10/02 12:20:34 
2015/10/02 12:20:34 Current block height: 76530
2015/10/02 12:20:34 Block hash: 00000000000fdb26e7ef8c6e1cc3aa7fa9d163dec637b3603a0a9845d1b4b2ee
2015/10/02 12:20:34 Block parent: 00000000005cd2bca975d46d05d638942137725fbb691a5a2f7f53e3a4e2b7ac
2015/10/02 12:20:34 Block merkle root: 88341f03091b04bcfe704911a5ae69087d0358056a33bb87e7e906c11bcdcb8a
2015/10/02 12:20:34 TxId: 88341f03091b04bcfe704911a5ae69087d0358056a33bb87e7e906c11bcdcb8a
2015/10/02 12:20:34 TxIns:
2015/10/02 12:20:34 TxIn coinbase, newly generated coins
2015/10/02 12:20:34 TxOuts:
2015/10/02 12:20:34 TxOut index: 0
2015/10/02 12:20:34 TxOut value: 5000000000
2015/10/02 12:20:34 TxOut address: 1846upaWnbdeePEWNPgLic89N6ofShqGG6
2015/10/02 12:20:34 
2015/10/02 12:20:34 Current block height: 76531
2015/10/02 12:20:34 Block hash: 000000000054e502c2ef666bbe0aa98725d740d5779a7e1832d065a30ef8e9a2
2015/10/02 12:20:34 Block parent: 00000000002090e519c6cebcb1f6415b1d7338a25347a21450e3c0778522f8f4
2015/10/02 12:20:34 Block merkle root: c964af75b4122c2184bf612ffa7040ee3f308f110a1ab9df5a633dec54408e88
2015/10/02 12:20:34 TxId: c964af75b4122c2184bf612ffa7040ee3f308f110a1ab9df5a633dec54408e88
2015/10/02 12:20:34 TxIns:
2015/10/02 12:20:34 TxIn coinbase, newly generated coins
2015/10/02 12:20:34 TxOuts:
2015/10/02 12:20:34 TxOut index: 0
2015/10/02 12:20:34 TxOut value: 5000000000
2015/10/02 12:20:34 TxOut address: 157Vu3i9P8sLvpm3pTQoF5qaEmJj3P1fRk
2015/10/02 12:20:34 
2015/10/02 12:20:34 Current block height: 76532
2015/10/02 12:20:34 Block hash: 00000000001e4293a8feff0614804381dacd183823b5bb08586561ef37f366d4
2015/10/02 12:20:34 Block parent: 0000000000327de54fbb280a283426d8a6d2d253578483e6c7ec3e2f230d5170
2015/10/02 12:20:34 Block merkle root: f6a261b173343dd8fe16f51bf47c318639c6a82526a5a03b5f39e1e6d781f3ca
2015/10/02 12:20:34 TxId: ea0b48b0f5a8a4ef946491d694de3f74e9a34cbd3ac0d2a2ec295d68dbb02ead
2015/10/02 12:20:34 TxIns:
2015/10/02 12:20:34 TxIn coinbase, newly generated coins
2015/10/02 12:20:34 TxOuts:
2015/10/02 12:20:34 TxOut index: 0
2015/10/02 12:20:34 TxOut value: 5000000000
2015/10/02 12:20:34 TxOut address: 1PUTmutioHKNdvjAf1UTx1zmMX9LnUUktG
2015/10/02 12:20:34 TxId: 2355a1b7bd54a1f35ca168ad9b248e3ee12d29d8fd3685dc6b0a3d9291ba1857
2015/10/02 12:20:34 TxIns:
2015/10/02 12:20:34 TxIn index: 0
2015/10/02 12:20:34 TxIn Input_Hash: a26411aaf2ef720c22d282005a4a38bf075045ae347e024665a067b075fca7fa
2015/10/02 12:20:34 TxIn Input_Index: 1
2015/10/02 12:20:34 TxIn index: 1
2015/10/02 12:20:34 TxIn Input_Hash: 578e164ca90d6fe57343bae1265f2666fc5bea454781d5ae73804e21f24b05b3
2015/10/02 12:20:34 TxIn Input_Index: 1
2015/10/02 12:20:34 TxIn index: 2
2015/10/02 12:20:34 TxIn Input_Hash: e96bf8c291c29ed9de9b342cd060b57b8a62a6863ceaddc8fd47dd689b170a85
2015/10/02 12:20:34 TxIn Input_Index: 0
2015/10/02 12:20:34 TxOuts:
2015/10/02 12:20:34 TxOut index: 0
2015/10/02 12:20:34 TxOut value: 514000000
2015/10/02 12:20:34 TxOut address: 1639FXaGAAT4PC1DdoHLkAnLiHNHxXr1SR
2015/10/02 12:20:34 
2015/10/02 12:20:34 Current block height: 76533
2015/10/02 12:20:34 Block hash: 000000000011ad3e7b82631e37b69c0712a5b7c3f509be74f22ff765d3948621
2015/10/02 12:20:34 Block parent: 000000000017f168629ce17c37970e943d01aa32074126677cbc25b57a9a33d6
2015/10/02 12:20:34 Block merkle root: 5c3d2f71b47b7b1d42dd8400ec75297e2939e02d59727e6e2ed00247f82b1622
2015/10/02 12:20:34 TxId: 5c3d2f71b47b7b1d42dd8400ec75297e2939e02d59727e6e2ed00247f82b1622
2015/10/02 12:20:34 TxIns:
2015/10/02 12:20:34 TxIn coinbase, newly generated coins
2015/10/02 12:20:34 TxOuts:
2015/10/02 12:20:34 TxOut index: 0
2015/10/02 12:20:34 TxOut value: 5000000000
2015/10/02 12:20:34 TxOut address: 1AC1KRqnQvLHpGR2NFJtkdsdUhkCzfHNw5
2015/10/02 12:20:34 
2015/10/02 12:20:34 Current block height: 76534
2015/10/02 12:20:34 Block hash: 00000000005d4d19a531ceb9c3788a2ec4a6e6389a8755f6a34b610bd98b79e0
2015/10/02 12:20:34 Block parent: 00000000001b09dee4ea8ac902e502eacc416bddff05d8b28b2148c4de89b3fd
2015/10/02 12:20:34 Block merkle root: 708f1403cf304acdf93fd85ac2f701cb437f7c9e02f61a4f023c08c14e13bb48
2015/10/02 12:20:34 TxId: 708f1403cf304acdf93fd85ac2f701cb437f7c9e02f61a4f023c08c14e13bb48
2015/10/02 12:20:34 TxIns:
2015/10/02 12:20:34 TxIn coinbase, newly generated coins
2015/10/02 12:20:34 TxOuts:
2015/10/02 12:20:34 TxOut index: 0
2015/10/02 12:20:34 TxOut value: 5000000000
2015/10/02 12:20:34 TxOut address: 186rRWTKvR3QRiMt8yu2VsPQ8HpRhEiaxY
2015/10/02 12:20:34 
2015/10/02 12:20:34 Current block height: 76535
2015/10/02 12:20:34 Block hash: 00000000001a6ddd049823c2c9cb0b9886afec4d3f2cc87acb317c86844115a1
2015/10/02 12:20:34 Block parent: 00000000006bd4fea9ce63adb7d00346513d62ecfe73174b0f0203bc8d6a616d
2015/10/02 12:20:34 Block merkle root: 91d87223142b86de7e4c2ff8e53a338857261fcecf9772cabed13cd102583a97
2015/10/02 12:20:34 TxId: f9ba7ce2468a352fd0a1ce59e9be5426fc81f3602416948a869c21f99abd6f74
2015/10/02 12:20:34 TxIns:
2015/10/02 12:20:34 TxIn coinbase, newly generated coins
2015/10/02 12:20:34 TxOuts:
2015/10/02 12:20:34 TxOut index: 0
2015/10/02 12:20:34 TxOut value: 5000000000
2015/10/02 12:20:34 TxOut address: 1J5c3BfG4B5iifuMCuRKJm9rRCdPMn2gK9
2015/10/02 12:20:34 TxId: e33ffe4e9f00fcc62db9c1e765a8ab339d6bcfc985e1216ab4b48a59050d760d
2015/10/02 12:20:34 TxIns:
2015/10/02 12:20:34 TxIn index: 0
2015/10/02 12:20:34 TxIn Input_Hash: 4db41f380940e65bac803bada6b443fb325dc5efb4c37e602d027ca85f16fd3b
2015/10/02 12:20:34 TxIn Input_Index: 1
2015/10/02 12:20:34 TxOuts:
2015/10/02 12:20:34 TxOut index: 0
2015/10/02 12:20:34 TxOut value: 50000000
2015/10/02 12:20:34 TxOut address: 15BcekzkpQx5oAiB7hD7u8y86YSjuBzzaF
2015/10/02 12:20:34 
2015/10/02 12:20:34 Current block height: 76536
2015/10/02 12:20:34 Block hash: 00000000004d87b0aa2de8320a95480363edc906bf707921b824323439e1d7ec
2015/10/02 12:20:34 Block parent: 00000000005d4d19a531ceb9c3788a2ec4a6e6389a8755f6a34b610bd98b79e0
2015/10/02 12:20:34 Block merkle root: 5213f6cbbea049227f3c98c4c51d24ad99562e115e3aa056407fdc9ffc90c4aa
2015/10/02 12:20:34 TxId: 5213f6cbbea049227f3c98c4c51d24ad99562e115e3aa056407fdc9ffc90c4aa
2015/10/02 12:20:34 TxIns:
2015/10/02 12:20:34 TxIn coinbase, newly generated coins
2015/10/02 12:20:34 TxOuts:
2015/10/02 12:20:34 TxOut index: 0
2015/10/02 12:20:34 TxOut value: 5000000000
2015/10/02 12:20:34 TxOut address: 18j6BRumU5UGWV7pmH9K3f7SKnEgCMKhjt
2015/10/02 12:20:34 
2015/10/02 12:20:34 Current block height: 76537
2015/10/02 12:20:34 Block hash: 00000000006f064062e711ae314f462b125caa23573c205ab39dbee2e582d730
2015/10/02 12:20:34 Block parent: 00000000002856c3def1d47a72d113252193e5ff520daa379c84ab7c9266e8ea
2015/10/02 12:20:34 Block merkle root: 1e930dcc92c9c0f0bce74c5f294b2b75566c3d464c3bc2eb716b19e210b5b00c
2015/10/02 12:20:34 TxId: 1e930dcc92c9c0f0bce74c5f294b2b75566c3d464c3bc2eb716b19e210b5b00c
2015/10/02 12:20:34 TxIns:
2015/10/02 12:20:34 TxIn coinbase, newly generated coins
2015/10/02 12:20:34 TxOuts:
2015/10/02 12:20:34 TxOut index: 0
2015/10/02 12:20:34 TxOut value: 5000000000
2015/10/02 12:20:34 TxOut address: 1ntWKdscx9BgPp1qJ9MBsT7F4pBs2MTbd
2015/10/02 12:20:34 
2015/10/02 12:20:34 Current block height: 76538
2015/10/02 12:20:34 Block hash: 00000000007994abbe29f0e627110b8d474c0117ef96663e2a18ef80036ce5b8
2015/10/02 12:20:34 Block parent: 000000000059f68a5e43cc152cd0e509ecd1cc8ac770b62da7be259f89b6a744
2015/10/02 12:20:34 Block merkle root: aa6101b3d3facc94ff8c30795086748b9808db3f9874eed343cbab24fbc744a0
2015/10/02 12:20:34 TxId: aa6101b3d3facc94ff8c30795086748b9808db3f9874eed343cbab24fbc744a0
2015/10/02 12:20:34 TxIns:
2015/10/02 12:20:34 TxIn coinbase, newly generated coins
2015/10/02 12:20:34 TxOuts:
2015/10/02 12:20:34 TxOut index: 0
2015/10/02 12:20:34 TxOut value: 5000000000
2015/10/02 12:20:34 TxOut address: 1KbH5PMRXTNemAECaN46ziyHiVge96ctLs
2015/10/02 12:20:34 
2015/10/02 12:20:34 Current block height: 76539
2015/10/02 12:20:34 Block hash: 000000000009f94da24c337a8ac79972ad183856e3a112a8dd814ae9ca51d4fe
2015/10/02 12:20:34 Block parent: 000000000071343d8bf29e1e35aa894aea567b56a05c8e2fdf8aad5364318ac1
2015/10/02 12:20:34 Block merkle root: 75948357dd53c6a74a5e9e83667eeef4a3e31ecaf5f03693e5883d037f7d8294
2015/10/02 12:20:34 TxId: 730d679d009f1efb9b1d90d0ec7e26a343b07134013abdcdec88e0e7f633d790
2015/10/02 12:20:34 TxIns:
2015/10/02 12:20:34 TxIn coinbase, newly generated coins
2015/10/02 12:20:34 TxOuts:
2015/10/02 12:20:34 TxOut index: 0
2015/10/02 12:20:34 TxOut value: 5000000000
2015/10/02 12:20:34 TxOut address: 1LVAwCirojLMn9xYXhVthopQhGmsfSHix5
2015/10/02 12:20:34 TxId: 020924f112aaee51a185e39f29279e49538440bd9ac90c68b0ae41a0997faa6d
2015/10/02 12:20:34 TxIns:
2015/10/02 12:20:34 TxIn index: 0
2015/10/02 12:20:34 TxIn Input_Hash: 7d444d840bdb89fa04d0d321aac3ae683578cfb9267136c95814b26bd233b806
2015/10/02 12:20:34 TxIn Input_Index: 0
2015/10/02 12:20:34 TxOuts:
2015/10/02 12:20:34 TxOut index: 0
2015/10/02 12:20:34 TxOut value: 4000000
2015/10/02 12:20:34 TxOut address: 1BMcUXNbFX7isU3SCTnKvMjrZXzeWJyoGT
2015/10/02 12:20:34 TxOut index: 1
2015/10/02 12:20:34 TxOut value: 1000000
2015/10/02 12:20:34 TxOut address: 1BAivCVaL8WtxXH453Qv6vfw5TVH3FkbK9
2015/10/02 12:20:34 
2015/10/02 12:20:34 Current block height: 76540
2015/10/02 12:20:34 Block hash: 0000000000724f7ecbfc0b5027d2a044217f45d3879bbf49bab520baf5f0f820
2015/10/02 12:20:34 Block parent: 0000000000478d39e864ed3a122d8d6098dba787b03703f3e32bdd261e0a0591
2015/10/02 12:20:34 Block merkle root: 1ddd7405a7f4ef1599e9e193ed2c9c4d401cc1b5ffdefd98e1fa7dd23f1a72ab
2015/10/02 12:20:34 TxId: 1ddd7405a7f4ef1599e9e193ed2c9c4d401cc1b5ffdefd98e1fa7dd23f1a72ab
2015/10/02 12:20:34 TxIns:
2015/10/02 12:20:34 TxIn coinbase, newly generated coins
2015/10/02 12:20:34 TxOuts:
2015/10/02 12:20:34 TxOut index: 0
2015/10/02 12:20:34 TxOut value: 5000000000
2015/10/02 12:20:34 TxOut address: 14p44f9iF3cbV9PEjveSGmTQZRGHzUFxCm
2015/10/02 12:20:34 
2015/10/02 12:20:34 Current block height: 76541
2015/10/02 12:20:34 Block hash: 00000000006e47249f668932bd4812e2c122877f85062b37ce151df97510cd26
2015/10/02 12:20:34 Block parent: 000000000008b7ad4f7b7b991def27546c2fba384e35b160688bae0c5f9296d8
2015/10/02 12:20:34 Block merkle root: 1198fcb729daa1c2f3fa10906a3d38c9ec56199b1c452a1bf1ab4ce868acce9b
2015/10/02 12:20:34 TxId: 641b8bed95533347c49d15382e6b0fe81a3d8ddf74eb632910a1550f4311f347
2015/10/02 12:20:34 TxIns:
2015/10/02 12:20:34 TxIn coinbase, newly generated coins
2015/10/02 12:20:34 TxOuts:
2015/10/02 12:20:34 TxOut index: 0
2015/10/02 12:20:34 TxOut value: 5000000000
2015/10/02 12:20:34 TxOut address: 16j2hLzrH3aDesLzEC3H8Qb3Zo8diuSFkG
2015/10/02 12:20:34 TxId: 6dd9c46b355fc87cd9a6c94ba4336028060e15e3becdd9c192459a0887b5bd8d
2015/10/02 12:20:34 TxIns:
2015/10/02 12:20:34 TxIn index: 0
2015/10/02 12:20:34 TxIn Input_Hash: 703eb518f77eac52b8be8679a51f27858c74acaeece7473e99d4beb210edb1be
2015/10/02 12:20:34 TxIn Input_Index: 0
2015/10/02 12:20:34 TxIn index: 1
2015/10/02 12:20:34 TxIn Input_Hash: 09942f2d78832e5fa788a65f8e12f3378efa6bed784e922fdcd197e66d325baa
2015/10/02 12:20:34 TxIn Input_Index: 0
2015/10/02 12:20:34 TxOuts:
2015/10/02 12:20:34 TxOut index: 0
2015/10/02 12:20:34 TxOut value: 10000000000
2015/10/02 12:20:34 TxOut address: 15nwdgX1TrNTBtLqkMkvzZMyj3jf4hXtDU
2015/10/02 12:20:34 
2015/10/02 12:20:34 Current block height: 76542
2015/10/02 12:20:34 Block hash: 0000000000135c8362c0c1f62741a1283dd01351be319bba36e6330354f1fc04
2015/10/02 12:20:34 Block parent: 00000000007100b3cd22ad199a88bcc7b40012eb0b39bce9dd3a5cd5a4c6da01
2015/10/02 12:20:34 Block merkle root: 6ce730ce65aadc82714489a7493947cd26192f758824cccf97eda4ff6eb15777
2015/10/02 12:20:34 TxId: 6ce730ce65aadc82714489a7493947cd26192f758824cccf97eda4ff6eb15777
2015/10/02 12:20:34 TxIns:
2015/10/02 12:20:34 TxIn coinbase, newly generated coins
2015/10/02 12:20:34 TxOuts:
2015/10/02 12:20:34 TxOut index: 0
2015/10/02 12:20:34 TxOut value: 5000000000
2015/10/02 12:20:34 TxOut address: 1vmw8ccfeNjFAPTZYpFwb5hvFtvPSYEdv
2015/10/02 12:20:34 
2015/10/02 12:20:34 Current block height: 76543
2015/10/02 12:20:34 Block hash: 00000000001740f5e7a1006744fef3e06e984ba172f9d42e4a6d04a759a8939a
2015/10/02 12:20:34 Block parent: 000000000068e0cf601390d2ca9cee5758e342e1f6600f3b236b2cf956f36621
2015/10/02 12:20:34 Block merkle root: 5b11152e2cf64a5fc7f84298d72a43d584656c68eaa024a6dfe7ef82ce5cdc2c
2015/10/02 12:20:34 TxId: c541baab6ff760263e98560aa9da013eb162107e1317c4afce10319527e3e34d
2015/10/02 12:20:34 TxIns:
2015/10/02 12:20:34 TxIn coinbase, newly generated coins
2015/10/02 12:20:34 TxOuts:
2015/10/02 12:20:34 TxOut index: 0
2015/10/02 12:20:34 TxOut value: 5000000000
2015/10/02 12:20:34 TxOut address: 1BQtyHtqKBz7oTpFESuN3HLhkrfn5ZViUU
2015/10/02 12:20:34 TxId: 1d309076ba91c394cb29b772de492c837281c9a3eafccac687e6e887a92b3cfb
2015/10/02 12:20:34 TxIns:
2015/10/02 12:20:34 TxIn index: 0
2015/10/02 12:20:34 TxIn Input_Hash: 8d9326bcbd89fcc187cdca7c2364e969449cb4a46b72c9046cc848dfcd50dc5f
2015/10/02 12:20:34 TxIn Input_Index: 0
2015/10/02 12:20:34 TxOuts:
2015/10/02 12:20:34 TxOut index: 0
2015/10/02 12:20:34 TxOut value: 100000000
2015/10/02 12:20:34 TxOut address: 19tq9NYFsSCMRUkc12v363tHgAeUokoVam
2015/10/02 12:20:34 TxOut index: 1
2015/10/02 12:20:34 TxOut value: 100000000
2015/10/02 12:20:34 TxOut address: 1JB4QcxgrhtvhSGT8zHGe9MeB17ZAYjPis
2015/10/02 12:20:34 TxId: 5e2dc4f163a9f392f7ea06c1a950fd3dfc0f513150a48d9a9633f48bb9eef00a
2015/10/02 12:20:34 TxIns:
2015/10/02 12:20:34 TxIn index: 0
2015/10/02 12:20:34 TxIn Input_Hash: a7d2baf2fda1b247da267efedf1ac7b4aa7af8367213a732014b45c1afc958e6
2015/10/02 12:20:34 TxIn Input_Index: 1
2015/10/02 12:20:34 TxIn index: 1
2015/10/02 12:20:34 TxIn Input_Hash: 8bb4c7a6b75dd266093e5abf9fbb32b3e18e1e62f5551d5c18ab4f0173322dca
2015/10/02 12:20:34 TxIn Input_Index: 0
2015/10/02 12:20:34 TxIn index: 2
2015/10/02 12:20:34 TxIn Input_Hash: c9471ebc18d959c1789253506b022cf8e25477491d465c2bb39477ef905aa7f5
2015/10/02 12:20:34 TxIn Input_Index: 0
2015/10/02 12:20:34 TxIn index: 3
2015/10/02 12:20:34 TxIn Input_Hash: ba4ebccca59623a43ea40bf92e6b0ac56227caa4710c94525228a1fcb35a5d11
2015/10/02 12:20:34 TxIn Input_Index: 0
2015/10/02 12:20:34 TxOuts:
2015/10/02 12:20:34 TxOut index: 0
2015/10/02 12:20:34 TxOut value: 1099000000
2015/10/02 12:20:34 TxOut address: 16xcqNN4JdAP3QBeHV6L7Py3GKbboceqxe
2015/10/02 12:20:34 TxOut index: 1
2015/10/02 12:20:34 TxOut value: 46400000000
2015/10/02 12:20:34 TxOut address: 18zkj2BkXPuicg2LYjg9NvwRmjRatkwmeX
2015/10/02 12:20:34 TxId: 763069edacf51afaf9f3966c80f1dfa2b97d0b673217a833066feb5ef794a2c8
2015/10/02 12:20:34 TxIns:
2015/10/02 12:20:34 TxIn index: 0
2015/10/02 12:20:34 TxIn Input_Hash: 7ccf39d18b4af27e0191da6765e78c5168e43916d41d968e158467e03a2d359e
2015/10/02 12:20:34 TxIn Input_Index: 1
2015/10/02 12:20:34 TxOuts:
2015/10/02 12:20:34 TxOut index: 0
2015/10/02 12:20:34 TxOut value: 100000000
2015/10/02 12:20:34 TxOut address: 1PnuAFsYqmUbMfgqMUh5cNJvT72RtGTBHk
2015/10/02 12:20:34 TxOut index: 1
2015/10/02 12:20:34 TxOut value: 150000000
2015/10/02 12:20:34 TxOut address: 1FSkHF88QXDjb6xuUTh5x3s1UqsReA7MCE
2015/10/02 12:20:34 TxId: ab7366645481799e3569d58f3a730ad170b44148562a5d472507077c4435c585
2015/10/02 12:20:34 TxIns:
2015/10/02 12:20:34 TxIn index: 0
2015/10/02 12:20:34 TxIn Input_Hash: c943f0ca11d5d896070b437c368d5d3a34faa397046ad28c40a230df49dc6c32
2015/10/02 12:20:34 TxIn Input_Index: 0
2015/10/02 12:20:34 TxIn index: 1
2015/10/02 12:20:34 TxIn Input_Hash: febd0d21af0a419b0e1ecc6f64b29862e6d4d0f40421fb425d75f5bdc601832b
2015/10/02 12:20:34 TxIn Input_Index: 0
2015/10/02 12:20:34 TxOuts:
2015/10/02 12:20:34 TxOut index: 0
2015/10/02 12:20:34 TxOut value: 10000000000
2015/10/02 12:20:34 TxOut address: 1AmqhjxnRAB9q1Kv1Z7rJW51yxT7XmpURH
2015/10/02 12:20:34 TxId: b1e126a40a064a08d66b70166f0522b3dd5abada1644ac43c66d32037e22c432
2015/10/02 12:20:34 TxIns:
2015/10/02 12:20:34 TxIn index: 0
2015/10/02 12:20:34 TxIn Input_Hash: 0c11aadd77f6bd1ff297d9b9e8bf63bc8f68c6efd31590fd34a611e084f202af
2015/10/02 12:20:34 TxIn Input_Index: 1
2015/10/02 12:20:34 TxOuts:
2015/10/02 12:20:34 TxOut index: 0
2015/10/02 12:20:34 TxOut value: 100000000
2015/10/02 12:20:34 TxOut address: 1QCNUyy3ViFnMEVTiuMvWgdnJnfYepMibg
2015/10/02 12:20:34 
2015/10/02 12:20:34 Current block height: 76544
2015/10/02 12:20:34 Block hash: 00000000006aff337e2479405af3a46d7a49372c64f344111aa4275f7bad9204
2015/10/02 12:20:34 Block parent: 00000000007fd51c1b71b8e6270f8932df78e44ba120346ea1be25728b2e1f8f
2015/10/02 12:20:34 Block merkle root: b6ff33aa3fa49fbf52ca4a34634a6d14c27455d9db1430ce07a7b6a9a73550f0
2015/10/02 12:20:34 TxId: b6ff33aa3fa49fbf52ca4a34634a6d14c27455d9db1430ce07a7b6a9a73550f0
2015/10/02 12:20:34 TxIns:
2015/10/02 12:20:34 TxIn coinbase, newly generated coins
2015/10/02 12:20:34 TxOuts:
2015/10/02 12:20:34 TxOut index: 0
2015/10/02 12:20:34 TxOut value: 5000000000
2015/10/02 12:20:34 TxOut address: 18nYB3S95usEs5JkaBGcBdA7asg8azb8dQ
2015/10/02 12:20:34 
2015/10/02 12:20:34 Current block height: 76545
2015/10/02 12:20:34 Block hash: 0000000000625d01d51a56ce288970d7ee50ff15a29b57e93b6cc08790ce6628
2015/10/02 12:20:34 Block parent: 00000000006aff337e2479405af3a46d7a49372c64f344111aa4275f7bad9204
2015/10/02 12:20:34 Block merkle root: c919cab23733be1282e63a807f867744171d2df9dc37499047ef354d42027515
2015/10/02 12:20:34 TxId: 46fc3bd6f2318b503597fe6a4dfb7d44ee9b110a363293dbe07e35c2300fa4c1
2015/10/02 12:20:34 TxIns:
2015/10/02 12:20:34 TxIn coinbase, newly generated coins
2015/10/02 12:20:34 TxOuts:
2015/10/02 12:20:34 TxOut index: 0
2015/10/02 12:20:34 TxOut value: 5000000000
2015/10/02 12:20:34 TxOut address: 1Cc8XDfmT7UCPUKjaUfiHAzh1fTdTa5vVt
2015/10/02 12:20:34 TxId: a8a464d6330fd15e32e5fbf2bf0c0497ba1e3fab2d8726b96451dcd40107e63b
2015/10/02 12:20:34 TxIns:
2015/10/02 12:20:34 TxIn index: 0
2015/10/02 12:20:34 TxIn Input_Hash: a68920a20bb7909525d8ebeb372f86a864106c56894378c2f0e807e2e5c48a62
2015/10/02 12:20:34 TxIn Input_Index: 0
2015/10/02 12:20:34 TxOuts:
2015/10/02 12:20:34 TxOut index: 0
2015/10/02 12:20:34 TxOut value: 3250000000
2015/10/02 12:20:34 TxOut address: 1PXhaYsXkGdReRe1CS7Z6VbXvQ37ym5o1K
2015/10/02 12:20:34 TxOut index: 1
2015/10/02 12:20:34 TxOut value: 6600000000
2015/10/02 12:20:34 TxOut address: 1Vf3G4ESuWggYSsLsC5Qdjm8PJPhCCK8h
2015/10/02 12:20:34 
